<?xml version="1.0" encoding="UTF-8"?>
<coverage generated="1736252632528" clover="3.2.0">
  <project timestamp="1736252632528" name="All files">
    <metrics statements="13" coveredstatements="13" conditionals="10" coveredconditionals="10" methods="9" coveredmethods="9" elements="32" coveredelements="32" complexity="0" loc="13" ncloc="13" packages="3" files="5" classes="5"/>
    <package name="components.Button">
      <metrics statements="6" coveredstatements="6" conditionals="8" coveredconditionals="8" methods="4" coveredmethods="4"/>
      <file name="index.tsx" path="/home/vfreire/Documentos/workspace/compass/todo-challenge3-compass/src/components/Button/index.tsx">
        <metrics statements="1" coveredstatements="1" conditionals="2" coveredconditionals="2" methods="1" coveredmethods="1"/>
        <line num="19" count="6" type="stmt"/>
      </file>
      <file name="styles.ts" path="/home/vfreire/Documentos/workspace/compass/todo-challenge3-compass/src/components/Button/styles.ts">
        <metrics statements="5" coveredstatements="5" conditionals="6" coveredconditionals="6" methods="3" coveredmethods="3"/>
        <line num="8" count="1" type="stmt"/>
        <line num="11" count="6" type="cond" truecount="2" falsecount="0"/>
        <line num="19" count="1" type="stmt"/>
        <line num="23" count="2" type="cond" truecount="2" falsecount="0"/>
        <line num="27" count="2" type="cond" truecount="2" falsecount="0"/>
      </file>
    </package>
    <package name="components.Input">
      <metrics statements="6" coveredstatements="6" conditionals="2" coveredconditionals="2" methods="5" coveredmethods="5"/>
      <file name="index.tsx" path="/home/vfreire/Documentos/workspace/compass/todo-challenge3-compass/src/components/Input/index.tsx">
        <metrics statements="4" coveredstatements="4" conditionals="0" coveredconditionals="0" methods="3" coveredmethods="3"/>
        <line num="19" count="10" type="stmt"/>
        <line num="20" count="10" type="stmt"/>
        <line num="24" count="1" type="stmt"/>
        <line num="25" count="1" type="stmt"/>
      </file>
      <file name="styles.ts" path="/home/vfreire/Documentos/workspace/compass/todo-challenge3-compass/src/components/Input/styles.ts">
        <metrics statements="2" coveredstatements="2" conditionals="2" coveredconditionals="2" methods="2" coveredmethods="2"/>
        <line num="4" count="10" type="stmt"/>
        <line num="16" count="10" type="cond" truecount="2" falsecount="0"/>
      </file>
    </package>
    <package name="constants">
      <metrics statements="1" coveredstatements="1" conditionals="0" coveredconditionals="0" methods="0" coveredmethods="0"/>
      <file name="theme.ts" path="/home/vfreire/Documentos/workspace/compass/todo-challenge3-compass/src/constants/theme.ts">
        <metrics statements="1" coveredstatements="1" conditionals="0" coveredconditionals="0" methods="0" coveredmethods="0"/>
        <line num="1" count="2" type="stmt"/>
      </file>
    </package>
  </project>
</coverage>
