{"/home/vfreire/Documentos/workspace/compass/todo-challenge3-compass/src/components/Input/index.tsx": {"path":"/home/vfreire/Documentos/workspace/compass/todo-challenge3-compass/src/components/Input/index.tsx","statementMap":{"0":{"start":{"line":19,"column":36},"end":{"line":19,"column":51}},"1":{"start":{"line":20,"column":2},"end":{"line":31,"column":4}},"2":{"start":{"line":24,"column":21},"end":{"line":24,"column":39}},"3":{"start":{"line":25,"column":20},"end":{"line":25,"column":39}}},"fnMap":{"0":{"name":"Input","decl":{"start":{"line":12,"column":24},"end":{"line":12,"column":29}},"loc":{"start":{"line":18,"column":10},"end":{"line":32,"column":1}},"line":18},"1":{"name":"(anonymous_1)","decl":{"start":{"line":24,"column":15},"end":{"line":24,"column":16}},"loc":{"start":{"line":24,"column":21},"end":{"line":24,"column":39}},"line":24},"2":{"name":"(anonymous_2)","decl":{"start":{"line":25,"column":14},"end":{"line":25,"column":15}},"loc":{"start":{"line":25,"column":20},"end":{"line":25,"column":39}},"line":25}},"branchMap":{},"s":{"0":10,"1":10,"2":1,"3":1},"f":{"0":10,"1":1,"2":1},"b":{},"_coverageSchema":"1a1c01bbd47fc00a2c39e90264f33305004495a9","hash":"37b4f97ddff19be5f3b32b5a6a7ec9f4ed9cb454"}
,"/home/vfreire/Documentos/workspace/compass/todo-challenge3-compass/src/components/Input/styles.ts": {"path":"/home/vfreire/Documentos/workspace/compass/todo-challenge3-compass/src/components/Input/styles.ts","statementMap":{"0":{"start":{"line":4,"column":25},"end":{"line":17,"column":1}},"1":{"start":{"line":4,"column":55},"end":{"line":6,"column":1}},"2":{"start":{"line":16,"column":4},"end":{"line":16,"column":78}}},"fnMap":{"0":{"name":"(anonymous_0)","decl":{"start":{"line":4,"column":48},"end":{"line":4,"column":49}},"loc":{"start":{"line":4,"column":55},"end":{"line":6,"column":1}},"line":4},"1":{"name":"(anonymous_1)","decl":{"start":{"line":15,"column":18},"end":{"line":15,"column":19}},"loc":{"start":{"line":16,"column":4},"end":{"line":16,"column":78}},"line":16}},"branchMap":{"0":{"loc":{"start":{"line":16,"column":4},"end":{"line":16,"column":78}},"type":"cond-expr","locations":[{"start":{"line":16,"column":22},"end":{"line":16,"column":50}},{"start":{"line":16,"column":53},"end":{"line":16,"column":78}}],"line":16}},"s":{"0":1,"1":10,"2":10},"f":{"0":10,"1":10},"b":{"0":[1,9]},"_coverageSchema":"1a1c01bbd47fc00a2c39e90264f33305004495a9","hash":"08090bceda4522cdfbd77db78c03a323db57ad4f"}
,"/home/vfreire/Documentos/workspace/compass/todo-challenge3-compass/src/constants/theme.ts": {"path":"/home/vfreire/Documentos/workspace/compass/todo-challenge3-compass/src/constants/theme.ts","statementMap":{"0":{"start":{"line":1,"column":21},"end":{"line":52,"column":1}}},"fnMap":{},"branchMap":{},"s":{"0":1},"f":{},"b":{},"_coverageSchema":"1a1c01bbd47fc00a2c39e90264f33305004495a9","hash":"cd17c6dd0bd219fb22ef571905852cebe522160e"}
}
