{"/home/vfreire/Documentos/workspace/compass/todo-challenge3-compass/src/components/Button/index.tsx": {"path":"/home/vfreire/Documentos/workspace/compass/todo-challenge3-compass/src/components/Button/index.tsx","statementMap":{"0":{"start":{"line":19,"column":2},"end":{"line":26,"column":4}}},"fnMap":{"0":{"name":"Button","decl":{"start":{"line":12,"column":24},"end":{"line":12,"column":30}},"loc":{"start":{"line":18,"column":10},"end":{"line":27,"column":1}},"line":18}},"branchMap":{"0":{"loc":{"start":{"line":22,"column":9},"end":{"line":22,"column":70}},"type":"binary-expr","locations":[{"start":{"line":22,"column":9},"end":{"line":22,"column":13}},{"start":{"line":22,"column":17},"end":{"line":22,"column":70}}],"line":22}},"s":{"0":6},"f":{"0":6},"b":{"0":[6,2]},"_coverageSchema":"1a1c01bbd47fc00a2c39e90264f33305004495a9","hash":"7bb0862cf9dcb87bfd5e66476d047ae8356f6fc5"}
,"/home/vfreire/Documentos/workspace/compass/todo-challenge3-compass/src/components/Button/styles.ts": {"path":"/home/vfreire/Documentos/workspace/compass/todo-challenge3-compass/src/components/Button/styles.ts","statementMap":{"0":{"start":{"line":8,"column":22},"end":{"line":17,"column":1}},"1":{"start":{"line":11,"column":4},"end":{"line":11,"column":30}},"2":{"start":{"line":19,"column":26},"end":{"line":30,"column":1}},"3":{"start":{"line":23,"column":4},"end":{"line":25,"column":30}},"4":{"start":{"line":27,"column":4},"end":{"line":29,"column":32}}},"fnMap":{"0":{"name":"(anonymous_0)","decl":{"start":{"line":10,"column":13},"end":{"line":10,"column":14}},"loc":{"start":{"line":11,"column":4},"end":{"line":11,"column":30}},"line":11},"1":{"name":"(anonymous_1)","decl":{"start":{"line":22,"column":15},"end":{"line":22,"column":16}},"loc":{"start":{"line":23,"column":4},"end":{"line":25,"column":30}},"line":23},"2":{"name":"(anonymous_2)","decl":{"start":{"line":26,"column":17},"end":{"line":26,"column":18}},"loc":{"start":{"line":27,"column":4},"end":{"line":29,"column":32}},"line":27}},"branchMap":{"0":{"loc":{"start":{"line":11,"column":4},"end":{"line":11,"column":30}},"type":"cond-expr","locations":[{"start":{"line":11,"column":14},"end":{"line":11,"column":21}},{"start":{"line":11,"column":24},"end":{"line":11,"column":30}}],"line":11},"1":{"loc":{"start":{"line":23,"column":4},"end":{"line":25,"column":30}},"type":"cond-expr","locations":[{"start":{"line":24,"column":8},"end":{"line":24,"column":29}},{"start":{"line":25,"column":8},"end":{"line":25,"column":30}}],"line":23},"2":{"loc":{"start":{"line":27,"column":4},"end":{"line":29,"column":32}},"type":"cond-expr","locations":[{"start":{"line":28,"column":8},"end":{"line":28,"column":31}},{"start":{"line":29,"column":8},"end":{"line":29,"column":32}}],"line":27}},"s":{"0":1,"1":6,"2":1,"3":2,"4":2},"f":{"0":6,"1":2,"2":2},"b":{"0":[1,5],"1":[1,1],"2":[1,1]},"_coverageSchema":"1a1c01bbd47fc00a2c39e90264f33305004495a9","hash":"eeb4991d177f5eba4c70fee5d45567d77134517a"}
,"/home/vfreire/Documentos/workspace/compass/todo-challenge3-compass/src/components/Input/index.tsx": {"path":"/home/vfreire/Documentos/workspace/compass/todo-challenge3-compass/src/components/Input/index.tsx","statementMap":{"0":{"start":{"line":19,"column":36},"end":{"line":19,"column":51}},"1":{"start":{"line":20,"column":2},"end":{"line":31,"column":4}},"2":{"start":{"line":24,"column":21},"end":{"line":24,"column":39}},"3":{"start":{"line":25,"column":20},"end":{"line":25,"column":39}}},"fnMap":{"0":{"name":"Input","decl":{"start":{"line":12,"column":24},"end":{"line":12,"column":29}},"loc":{"start":{"line":18,"column":10},"end":{"line":32,"column":1}},"line":18},"1":{"name":"(anonymous_1)","decl":{"start":{"line":24,"column":15},"end":{"line":24,"column":16}},"loc":{"start":{"line":24,"column":21},"end":{"line":24,"column":39}},"line":24},"2":{"name":"(anonymous_2)","decl":{"start":{"line":25,"column":14},"end":{"line":25,"column":15}},"loc":{"start":{"line":25,"column":20},"end":{"line":25,"column":39}},"line":25}},"branchMap":{},"s":{"0":10,"1":10,"2":1,"3":1},"f":{"0":10,"1":1,"2":1},"b":{},"_coverageSchema":"1a1c01bbd47fc00a2c39e90264f33305004495a9","hash":"37b4f97ddff19be5f3b32b5a6a7ec9f4ed9cb454"}
,"/home/vfreire/Documentos/workspace/compass/todo-challenge3-compass/src/components/Input/styles.ts": {"path":"/home/vfreire/Documentos/workspace/compass/todo-challenge3-compass/src/components/Input/styles.ts","statementMap":{"0":{"start":{"line":4,"column":25},"end":{"line":17,"column":1}},"1":{"start":{"line":4,"column":55},"end":{"line":6,"column":1}},"2":{"start":{"line":16,"column":4},"end":{"line":16,"column":78}}},"fnMap":{"0":{"name":"(anonymous_0)","decl":{"start":{"line":4,"column":48},"end":{"line":4,"column":49}},"loc":{"start":{"line":4,"column":55},"end":{"line":6,"column":1}},"line":4},"1":{"name":"(anonymous_1)","decl":{"start":{"line":15,"column":18},"end":{"line":15,"column":19}},"loc":{"start":{"line":16,"column":4},"end":{"line":16,"column":78}},"line":16}},"branchMap":{"0":{"loc":{"start":{"line":16,"column":4},"end":{"line":16,"column":78}},"type":"cond-expr","locations":[{"start":{"line":16,"column":22},"end":{"line":16,"column":50}},{"start":{"line":16,"column":53},"end":{"line":16,"column":78}}],"line":16}},"s":{"0":1,"1":10,"2":10},"f":{"0":10,"1":10},"b":{"0":[1,9]},"_coverageSchema":"1a1c01bbd47fc00a2c39e90264f33305004495a9","hash":"08090bceda4522cdfbd77db78c03a323db57ad4f"}
,"/home/vfreire/Documentos/workspace/compass/todo-challenge3-compass/src/constants/theme.ts": {"path":"/home/vfreire/Documentos/workspace/compass/todo-challenge3-compass/src/constants/theme.ts","statementMap":{"0":{"start":{"line":1,"column":21},"end":{"line":52,"column":1}}},"fnMap":{},"branchMap":{},"s":{"0":2},"f":{},"b":{},"_coverageSchema":"1a1c01bbd47fc00a2c39e90264f33305004495a9","hash":"cd17c6dd0bd219fb22ef571905852cebe522160e"}
}
